============================= test session starts =============================
platform win32 -- Python 3.13.7, pytest-9.0.2, pluggy-1.6.0 -- C:\Python313\python.exe
cachedir: .pytest_cache
rootdir: C:\Users\Each One Teach One\Desktop\Kisan smart
configfile: pytest.ini
plugins: anyio-4.11.0, Faker-40.4.0, locust-2.43.2, cov-7.0.0, flask-1.3.0
collecting ... collected 71 items

tests/integration/test_auth_flow.py::TestRegistrationFlow::test_successful_registration PASSED [  1%]
tests/integration/test_auth_flow.py::TestRegistrationFlow::test_registration_sends_verification_email PASSED [  2%]
tests/integration/test_auth_flow.py::TestRegistrationFlow::test_registration_duplicate_username PASSED [  4%]
tests/integration/test_auth_flow.py::TestRegistrationFlow::test_registration_duplicate_email PASSED [  5%]
tests/integration/test_auth_flow.py::TestRegistrationFlow::test_registration_invalid_email PASSED [  7%]
tests/integration/test_auth_flow.py::TestRegistrationFlow::test_registration_weak_password PASSED [  8%]
tests/integration/test_auth_flow.py::TestRegistrationFlow::test_email_verification_flow PASSED [  9%]
tests/integration/test_auth_flow.py::TestLoginFlow::test_successful_login PASSED [ 11%]
tests/integration/test_auth_flow.py::TestLoginFlow::test_login_wrong_password PASSED [ 12%]
tests/integration/test_auth_flow.py::TestLoginFlow::test_login_nonexistent_user PASSED [ 14%]
tests/integration/test_auth_flow.py::TestLoginFlow::test_protected_route_without_token PASSED [ 15%]
tests/integration/test_auth_flow.py::TestLoginFlow::test_protected_route_with_valid_token PASSED [ 16%]
tests/integration/test_auth_flow.py::TestLoginFlow::test_protected_route_with_invalid_token PASSED [ 18%]
tests/integration/test_auth_flow.py::TestPasswordResetFlow::test_request_password_reset PASSED [ 19%]
tests/integration/test_auth_flow.py::TestPasswordResetFlow::test_reset_password_with_token PASSED [ 21%]
tests/integration/test_auth_flow.py::TestPasswordResetFlow::test_reset_password_invalid_token PASSED [ 22%]
tests/integration/test_history_flow.py::TestHistoryFlow::test_get_user_history PASSED [ 23%]
tests/integration/test_history_flow.py::TestHistoryFlow::test_history_pagination PASSED [ 25%]
tests/integration/test_history_flow.py::TestHistoryFlow::test_history_filtering_by_crop PASSED [ 26%]
tests/integration/test_history_flow.py::TestHistoryFlow::test_history_filtering_by_date PASSED [ 28%]
tests/integration/test_history_flow.py::TestHistoryFlow::test_view_single_prediction PASSED [ 29%]
tests/integration/test_history_flow.py::TestHistoryFlow::test_cannot_view_other_user_prediction PASSED [ 30%]
tests/integration/test_history_flow.py::TestHistoryFlow::test_delete_prediction PASSED [ 32%]
tests/integration/test_history_flow.py::TestHistoryFlow::test_cannot_delete_other_user_prediction PASSED [ 33%]
tests/integration/test_history_flow.py::TestHistoryFlow::test_get_history_stats PASSED [ 35%]
tests/integration/test_prediction_flow.py::TestPredictionFlow::test_make_prediction_authenticated PASSED [ 36%]
tests/integration/test_prediction_flow.py::TestPredictionFlow::test_prediction_saves_to_database PASSED [ 38%]
tests/integration/test_prediction_flow.py::TestPredictionFlow::test_prediction_without_authentication PASSED [ 39%]
tests/integration/test_prediction_flow.py::TestPredictionFlow::test_prediction_with_invalid_data PASSED [ 40%]
tests/integration/test_prediction_flow.py::TestPredictionFlow::test_prediction_with_missing_required_fields PASSED [ 42%]
tests/integration/test_prediction_flow.py::TestPredictionFlow::test_prediction_response_time PASSED [ 43%]
tests/integration/test_prediction_flow.py::TestPredictionFlow::test_prediction_confidence_scores PASSED [ 45%]
tests/integration/test_prediction_flow.py::TestPredictionFlow::test_multiple_predictions_same_user PASSED [ 46%]
tests/integration/test_prediction_flow.py::TestPredictionFlow::test_prediction_with_optional_fields PASSED [ 47%]
tests/integration/test_prediction_flow.py::TestPredictionFlow::test_prediction_with_all_fields PASSED [ 49%]
tests/unit/test_ml_models.py::TestMLPredictor::test_model_loads PASSED   [ 50%]
tests/unit/test_ml_models.py::TestMLPredictor::test_prediction_with_valid_input PASSED [ 52%]
tests/unit/test_ml_models.py::TestMLPredictor::test_prediction_confidence_scores PASSED [ 53%]
tests/unit/test_ml_models.py::TestMLPredictor::test_prediction_with_extreme_values PASSED [ 54%]
tests/unit/test_ml_models.py::TestMLPredictor::test_prediction_with_missing_optional_params PASSED [ 56%]
tests/unit/test_ml_models.py::TestMLPredictor::test_prediction_performance PASSED [ 57%]
tests/unit/test_ml_models.py::TestMLPredictor::test_prediction_with_invalid_crop PASSED [ 59%]
tests/unit/test_ml_models.py::TestMLPredictor::test_prediction_with_negative_values PASSED [ 60%]
tests/unit/test_ml_models.py::TestMLPredictor::test_prediction_consistency PASSED [ 61%]
tests/unit/test_ml_models.py::TestMLPredictor::test_quantity_calculation PASSED [ 63%]
tests/unit/test_ml_models.py::TestMLPredictor::test_prediction_with_all_crops PASSED [ 64%]
tests/unit/test_models.py::TestUserModel::test_create_user PASSED        [ 66%]
tests/unit/test_models.py::TestUserModel::test_password_hashing PASSED   [ 67%]
tests/unit/test_models.py::TestUserModel::test_password_verification PASSED [ 69%]
tests/unit/test_models.py::TestUserModel::test_generate_verification_token PASSED [ 70%]
tests/unit/test_models.py::TestUserModel::test_verify_valid_token PASSED [ 71%]
tests/unit/test_models.py::TestUserModel::test_verify_invalid_token PASSED [ 73%]
tests/unit/test_models.py::TestUserModel::test_verify_expired_token PASSED [ 74%]
tests/unit/test_models.py::TestUserModel::test_generate_password_reset_token PASSED [ 76%]
tests/unit/test_models.py::TestUserModel::test_unique_username_constraint PASSED [ 77%]
tests/unit/test_models.py::TestUserModel::test_unique_email_constraint PASSED [ 78%]
tests/unit/test_models.py::TestUserModel::test_user_repr PASSED          [ 80%]
tests/unit/test_models.py::TestRecommendationModel::test_create_recommendation PASSED [ 81%]
tests/unit/test_models.py::TestRecommendationModel::test_recommendation_user_relationship PASSED [ 83%]
tests/unit/test_models.py::TestRecommendationModel::test_multiple_recommendations_per_user PASSED [ 84%]
tests/unit/test_models.py::TestRecommendationModel::test_cascade_delete PASSED [ 85%]
tests/unit/test_models.py::TestRecommendationModel::test_recommendation_defaults PASSED [ 87%]
tests/unit/test_models.py::TestRecommendationModel::test_recommendation_repr PASSED [ 88%]
tests/unit/test_validators.py::TestValidators::test_validate_email_valid PASSED [ 90%]
tests/unit/test_validators.py::TestValidators::test_validate_email_invalid PASSED [ 91%]
tests/unit/test_validators.py::TestValidators::test_validate_password_strength PASSED [ 92%]
tests/unit/test_validators.py::TestValidators::test_validate_numeric_range PASSED [ 94%]
tests/unit/test_validators.py::TestValidators::test_validate_ph_value PASSED [ 95%]
tests/unit/test_validators.py::TestValidators::test_validate_npk_values PASSED [ 97%]
tests/unit/test_validators.py::TestValidators::test_validate_crop_type PASSED [ 98%]
tests/unit/test_validators.py::TestValidators::test_validate_phone_number PASSED [100%]

============================== warnings summary ===============================
tests/integration/test_auth_flow.py: 3 warnings
tests/integration/test_history_flow.py: 9 warnings
tests/integration/test_prediction_flow.py: 9 warnings
  C:\Python313\Lib\site-packages\jwt\api_jwt.py:153: InsecureKeyLengthWarning: The HMAC key is 11 bytes long, which is below the minimum recommended length of 32 bytes for SHA256. See RFC 7518 Section 3.2.
    return self._jws.encode(

tests/integration/test_auth_flow.py: 1 warning
tests/integration/test_history_flow.py: 9 warnings
tests/integration/test_prediction_flow.py: 10 warnings
  C:\Python313\Lib\site-packages\jwt\api_jwt.py:371: InsecureKeyLengthWarning: The HMAC key is 11 bytes long, which is below the minimum recommended length of 32 bytes for SHA256. See RFC 7518 Section 3.2.
    decoded = self.decode_complete(

-- Docs: https://docs.pytest.org/en/stable/how-to/capture-warnings.html
=============================== tests coverage ================================
_______________ coverage: platform win32, python 3.13.7-final-0 _______________

Name                                       Stmts   Miss   Cover   Missing
-------------------------------------------------------------------------
website\api\v1\auth\controllers.py            80     15  81.25%   22, 51, 57, 61, 75, 79-83, 89, 95, 107, 122, 134
website\api\v1\auth\routes.py                 30      2  93.33%   33, 39
website\api\v1\auth\schemas.py                18      0 100.00%
website\api\v1\history\controllers.py         62     14  77.42%   113-145
website\api\v1\history\routes.py              24      1  95.83%   41
website\api\v1\prediction\controllers.py      48     22  54.17%   89-90, 94-113, 117-121
website\api\v1\prediction\ml_service.py       20      1  95.00%   18
website\api\v1\prediction\routes.py           15      2  86.67%   17, 22
website\api\v1\prediction\schemas.py          22      0 100.00%
website\api\v1\profile\controllers.py         48     37  22.92%   12-16, 20-32, 36-55, 59-67
website\api\v1\profile\routes.py              20      4  80.00%   11, 17, 23, 29
website\api\v1\reference\routes.py            11      2  81.82%   35, 40
website\api\v1\utils\errors.py                18      5  72.22%   12, 16, 20-21, 27
website\api\v1\utils\responses.py              8      0 100.00%
website\auth.py                              105     83  20.95%   23-56, 64-120, 125-126, 131-140, 145-155, 162-178
website\decorators.py                         19     19   0.00%   1-29
website\forms.py                              36      9  75.00%   46-48, 53-55, 72-74
website\models.py                             71      1  98.59%   40
website\utils\validators.py                   34      3  91.18%   43-44, 64
website\views.py                              16      5  68.75%   10, 16-18, 23
-------------------------------------------------------------------------
TOTAL                                        705    225  68.09%
Coverage HTML written to dir htmlcov
====================== 71 passed, 41 warnings in 47.35s =======================
