============================= test session starts =============================
platform win32 -- Python 3.13.7, pytest-9.0.2, pluggy-1.6.0 -- C:\Python313\python.exe
cachedir: .pytest_cache
rootdir: C:\Users\Each One Teach One\Desktop\Kisan smart
configfile: pytest.ini
plugins: anyio-4.11.0, Faker-40.4.0, locust-2.43.2, cov-7.0.0, flask-1.3.0
collecting ... collected 86 items

tests/integration/test_auth_flow.py::TestRegistrationFlow::test_successful_registration PASSED [  1%]
tests/integration/test_auth_flow.py::TestRegistrationFlow::test_registration_sends_verification_email PASSED [  2%]
tests/integration/test_auth_flow.py::TestRegistrationFlow::test_registration_duplicate_username PASSED [  3%]
tests/integration/test_auth_flow.py::TestRegistrationFlow::test_registration_duplicate_email PASSED [  4%]
tests/integration/test_auth_flow.py::TestRegistrationFlow::test_registration_invalid_email PASSED [  5%]
tests/integration/test_auth_flow.py::TestRegistrationFlow::test_registration_weak_password PASSED [  6%]
tests/integration/test_auth_flow.py::TestRegistrationFlow::test_email_verification_flow PASSED [  8%]
tests/integration/test_auth_flow.py::TestLoginFlow::test_successful_login PASSED [  9%]
tests/integration/test_auth_flow.py::TestLoginFlow::test_login_wrong_password PASSED [ 10%]
tests/integration/test_auth_flow.py::TestLoginFlow::test_login_nonexistent_user PASSED [ 11%]
tests/integration/test_auth_flow.py::TestLoginFlow::test_protected_route_without_token PASSED [ 12%]
tests/integration/test_auth_flow.py::TestLoginFlow::test_protected_route_with_valid_token PASSED [ 13%]
tests/integration/test_auth_flow.py::TestLoginFlow::test_protected_route_with_invalid_token PASSED [ 15%]
tests/integration/test_auth_flow.py::TestPasswordResetFlow::test_request_password_reset PASSED [ 16%]
tests/integration/test_auth_flow.py::TestPasswordResetFlow::test_reset_password_with_token PASSED [ 17%]
tests/integration/test_auth_flow.py::TestPasswordResetFlow::test_reset_password_invalid_token PASSED [ 18%]
tests/integration/test_history_flow.py::TestHistoryFlow::test_get_user_history PASSED [ 19%]
tests/integration/test_history_flow.py::TestHistoryFlow::test_history_pagination PASSED [ 20%]
tests/integration/test_history_flow.py::TestHistoryFlow::test_history_filtering_by_crop PASSED [ 22%]
tests/integration/test_history_flow.py::TestHistoryFlow::test_history_filtering_by_date PASSED [ 23%]
tests/integration/test_history_flow.py::TestHistoryFlow::test_view_single_prediction PASSED [ 24%]
tests/integration/test_history_flow.py::TestHistoryFlow::test_cannot_view_other_user_prediction PASSED [ 25%]
tests/integration/test_history_flow.py::TestHistoryFlow::test_delete_prediction PASSED [ 26%]
tests/integration/test_history_flow.py::TestHistoryFlow::test_cannot_delete_other_user_prediction PASSED [ 27%]
tests/integration/test_history_flow.py::TestHistoryFlow::test_get_history_stats PASSED [ 29%]
tests/integration/test_prediction_flow.py::TestPredictionFlow::test_make_prediction_authenticated PASSED [ 30%]
tests/integration/test_prediction_flow.py::TestPredictionFlow::test_prediction_saves_to_database PASSED [ 31%]
tests/integration/test_prediction_flow.py::TestPredictionFlow::test_prediction_without_authentication PASSED [ 32%]
tests/integration/test_prediction_flow.py::TestPredictionFlow::test_prediction_with_invalid_data PASSED [ 33%]
tests/integration/test_prediction_flow.py::TestPredictionFlow::test_prediction_with_missing_required_fields PASSED [ 34%]
tests/integration/test_prediction_flow.py::TestPredictionFlow::test_prediction_response_time PASSED [ 36%]
tests/integration/test_prediction_flow.py::TestPredictionFlow::test_prediction_confidence_scores PASSED [ 37%]
tests/integration/test_prediction_flow.py::TestPredictionFlow::test_multiple_predictions_same_user PASSED [ 38%]
tests/integration/test_prediction_flow.py::TestPredictionFlow::test_prediction_with_optional_fields PASSED [ 39%]
tests/integration/test_prediction_flow.py::TestPredictionFlow::test_prediction_with_all_fields PASSED [ 40%]
tests/integration/test_profile_flow.py::TestProfileFlow::test_get_profile PASSED [ 41%]
tests/integration/test_profile_flow.py::TestProfileFlow::test_update_profile PASSED [ 43%]
tests/integration/test_profile_flow.py::TestProfileFlow::test_change_password PASSED [ 44%]
tests/integration/test_profile_flow.py::TestProfileFlow::test_delete_account PASSED [ 45%]
tests/integration/test_web_auth.py::TestWebAuthFlow::test_register_page_load PASSED [ 46%]
tests/integration/test_web_auth.py::TestWebAuthFlow::test_login_page_load PASSED [ 47%]
tests/integration/test_web_auth.py::TestWebAuthFlow::test_successful_web_registration PASSED [ 48%]
tests/integration/test_web_auth.py::TestWebAuthFlow::test_successful_web_login PASSED [ 50%]
tests/integration/test_web_auth.py::TestWebAuthFlow::test_web_logout PASSED [ 51%]
tests/integration/test_web_auth.py::TestWebAuthFlow::test_forgot_password_page PASSED [ 52%]
tests/unit/test_decorators.py::test_role_required_authorized PASSED      [ 53%]
tests/unit/test_decorators.py::test_role_required_unauthorized_role PASSED [ 54%]
tests/unit/test_decorators.py::test_role_required_unauthenticated PASSED [ 55%]
tests/unit/test_decorators.py::test_admin_required PASSED                [ 56%]
tests/unit/test_decorators.py::test_farmer_required PASSED               [ 58%]
tests/unit/test_ml_models.py::TestMLPredictor::test_model_loads PASSED   [ 59%]
tests/unit/test_ml_models.py::TestMLPredictor::test_prediction_with_valid_input PASSED [ 60%]
tests/unit/test_ml_models.py::TestMLPredictor::test_prediction_confidence_scores PASSED [ 61%]
tests/unit/test_ml_models.py::TestMLPredictor::test_prediction_with_extreme_values PASSED [ 62%]
tests/unit/test_ml_models.py::TestMLPredictor::test_prediction_with_missing_optional_params PASSED [ 63%]
tests/unit/test_ml_models.py::TestMLPredictor::test_prediction_performance PASSED [ 65%]
tests/unit/test_ml_models.py::TestMLPredictor::test_prediction_with_invalid_crop PASSED [ 66%]
tests/unit/test_ml_models.py::TestMLPredictor::test_prediction_with_negative_values PASSED [ 67%]
tests/unit/test_ml_models.py::TestMLPredictor::test_prediction_consistency PASSED [ 68%]
tests/unit/test_ml_models.py::TestMLPredictor::test_quantity_calculation PASSED [ 69%]
tests/unit/test_ml_models.py::TestMLPredictor::test_prediction_with_all_crops PASSED [ 70%]
tests/unit/test_models.py::TestUserModel::test_create_user PASSED        [ 72%]
tests/unit/test_models.py::TestUserModel::test_password_hashing PASSED   [ 73%]
tests/unit/test_models.py::TestUserModel::test_password_verification PASSED [ 74%]
tests/unit/test_models.py::TestUserModel::test_generate_verification_token PASSED [ 75%]
tests/unit/test_models.py::TestUserModel::test_verify_valid_token PASSED [ 76%]
tests/unit/test_models.py::TestUserModel::test_verify_invalid_token PASSED [ 77%]
tests/unit/test_models.py::TestUserModel::test_verify_expired_token PASSED [ 79%]
tests/unit/test_models.py::TestUserModel::test_generate_password_reset_token PASSED [ 80%]
tests/unit/test_models.py::TestUserModel::test_unique_username_constraint PASSED [ 81%]
tests/unit/test_models.py::TestUserModel::test_unique_email_constraint PASSED [ 82%]
tests/unit/test_models.py::TestUserModel::test_user_repr PASSED          [ 83%]
tests/unit/test_models.py::TestRecommendationModel::test_create_recommendation PASSED [ 84%]
tests/unit/test_models.py::TestRecommendationModel::test_recommendation_user_relationship PASSED [ 86%]
tests/unit/test_models.py::TestRecommendationModel::test_multiple_recommendations_per_user PASSED [ 87%]
tests/unit/test_models.py::TestRecommendationModel::test_cascade_delete PASSED [ 88%]
tests/unit/test_models.py::TestRecommendationModel::test_recommendation_defaults PASSED [ 89%]
tests/unit/test_models.py::TestRecommendationModel::test_recommendation_repr PASSED [ 90%]
tests/unit/test_validators.py::TestValidators::test_validate_email_valid PASSED [ 91%]
tests/unit/test_validators.py::TestValidators::test_validate_email_invalid PASSED [ 93%]
tests/unit/test_validators.py::TestValidators::test_validate_password_strength PASSED [ 94%]
tests/unit/test_validators.py::TestValidators::test_validate_numeric_range PASSED [ 95%]
tests/unit/test_validators.py::TestValidators::test_validate_ph_value PASSED [ 96%]
tests/unit/test_validators.py::TestValidators::test_validate_npk_values PASSED [ 97%]
tests/unit/test_validators.py::TestValidators::test_validate_crop_type PASSED [ 98%]
tests/unit/test_validators.py::TestValidators::test_validate_phone_number PASSED [100%]

=============================== tests coverage ================================
_______________ coverage: platform win32, python 3.13.7-final-0 _______________

Name                                       Stmts   Miss   Cover   Missing
-------------------------------------------------------------------------
website\api\v1\auth\controllers.py            80     15  81.25%   22, 51, 57, 61, 75, 79-83, 89, 95, 107, 122, 134
website\api\v1\auth\routes.py                 30      2  93.33%   33, 39
website\api\v1\auth\schemas.py                18      0 100.00%
website\api\v1\history\controllers.py         62     14  77.42%   113-145
website\api\v1\history\routes.py              24      1  95.83%   41
website\api\v1\prediction\controllers.py      48     22  54.17%   89-90, 94-113, 117-121
website\api\v1\prediction\ml_service.py       20      1  95.00%   18
website\api\v1\prediction\routes.py           15      2  86.67%   17, 22
website\api\v1\prediction\schemas.py          22      0 100.00%
website\api\v1\profile\controllers.py         48      6  87.50%   15, 23, 39, 46, 51, 62
website\api\v1\profile\routes.py              20      0 100.00%
website\api\v1\reference\routes.py            11      2  81.82%   35, 40
website\api\v1\utils\errors.py                18      5  72.22%   12, 16, 20-21, 27
website\api\v1\utils\responses.py              8      0 100.00%
website\auth.py                              105     48  54.29%   24, 48-53, 65, 73-77, 83-86, 103-118, 131-140, 146, 149-154, 162-178
website\decorators.py                         19      0 100.00%
website\forms.py                              36      5  86.11%   48, 55, 72-74
website\models.py                             71      0 100.00%
website\utils\validators.py                   34      3  91.18%   43-44, 64
website\views.py                              16      4  75.00%   16-18, 23
-------------------------------------------------------------------------
TOTAL                                        705    130  81.56%
Coverage HTML written to dir htmlcov
============================= 86 passed in 49.17s =============================
